<?xml version="1.0" encoding="UTF-8"?>
<testsuites name="Demo" time="48" tests="1" failures="0" errors="0">
   <testsuite name="Demo" tests="1" failures="0" errors="0" time="48" timestamp="2019-05-07 13:05:29" hostname="haricharan.b - QT-INBG-LT0555.QUALITEST.LOCAL" id="Test Suites/Demo">
      <properties>
         <property name="deviceName" value=""/>
         <property name="devicePlatform" value=""/>
         <property name="logFolder" value="C:\\Users\\haricharan.b.QUALITEST\\Desktop\\Qualitest\\Project\\Katalon\\Salesforce_LightningDemoV0.1\\Salesforce_LightningDemoV0.1\\Reports\\Demo\\20190507_130520"/>
         <property name="logFiles" value="C:\\Users\\haricharan.b.QUALITEST\\Desktop\\Qualitest\\Project\\Katalon\\Salesforce_LightningDemoV0.1\\Salesforce_LightningDemoV0.1\\Reports\\Demo\\20190507_130520\\execution0.log"/>
         <property name="attachments" value=""/>
         <property name="hostName" value="haricharan.b - QT-INBG-LT0555.QUALITEST.LOCAL"/>
         <property name="os" value="Windows 10 64bit"/>
         <property name="katalonVersion" value="6.1.1.1"/>
         <property name="browser" value="Firefox 66.0"/>
         <property name="hostAddress" value="10.20.12.152"/>
         <property name="sessionId" value="d5a0695a-db27-4f34-bce1-a506b29650e2"/>
         <property name="seleniumVersion" value="3.7.1"/>
         <property name="proxyInformation" value="ProxyInformation{proxyOption=NO_PROXY, proxyServerType=HTTP, password=, proxyServerAddress=, proxyServerPort=0}"/>
         <property name="platform" value="Windows 10"/>
      </properties>
      <testcase name="Test Cases/Project_Regression_Sprint2_Release1.O/Verify user can able to create a lead and convert to opportunity" classname="Test Cases/Project_Regression_Sprint2_Release1.O/Verify user can able to create a lead and convert to opportunity" status="PASSED">
         <system-out><![CDATA[2019-05-07 13:05:29 - [TEST_CASE][PASSED] - Test Cases/Project_Regression_Sprint2_Release1.O/Verify user can able to create a lead and convert to opportunity: Test Cases/Project_Regression_Sprint2_Release1.O/Verify user can able to create a lead and convert to opportunity

2019-05-07 13:05:30 - [TEST_STEP][PASSED] - openBrowser(""): Browser is opened with url: ''

2019-05-07 13:05:30 - [MESSAGE][INFO] - Starting 'Firefox' driver

2019-05-07 13:05:30 - [MESSAGE][INFO] - Action delay is set to 0 seconds

2019-05-07 13:05:36 - [MESSAGE][PASSED] - Browser is opened with url: ''

2019-05-07 13:05:36 - [TEST_STEP][PASSED] - navigateToUrl(Application_URL): Navigate to 'https://ap5.lightning.force.com/lightning/page/home' successfully

2019-05-07 13:05:39 - [MESSAGE][PASSED] - Navigate to 'https://ap5.lightning.force.com/lightning/page/home' successfully

2019-05-07 13:05:39 - [TEST_STEP][PASSED] - maximizeWindow(): Current window maximized

2019-05-07 13:05:39 - [MESSAGE][PASSED] - Current window maximized

2019-05-07 13:05:39 - [TEST_STEP][PASSED] - waitForElementPresent(findTestObject("LoginPage_WebElements/username"), 10): Object 'Object Repository/LoginPage_WebElements/username' is present

2019-05-07 13:05:39 - [MESSAGE][PASSED] - Object 'Object Repository/LoginPage_WebElements/username' is present

2019-05-07 13:05:39 - [TEST_STEP][PASSED] - click(findTestObject("LoginPage_WebElements/username")): Object: 'Object Repository/LoginPage_WebElements/username' is clicked on

2019-05-07 13:05:39 - [MESSAGE][PASSED] - Object: 'Object Repository/LoginPage_WebElements/username' is clicked on

2019-05-07 13:05:39 - [TEST_STEP][PASSED] - sendKeys(findTestObject("LoginPage_WebElements/username"), Username): Keys 'chiranjeevi.heggade@gmail.com' sent to object: 'Object Repository/LoginPage_WebElements/username'

2019-05-07 13:05:39 - [MESSAGE][PASSED] - Keys 'chiranjeevi.heggade@gmail.com' sent to object: 'Object Repository/LoginPage_WebElements/username'

2019-05-07 13:05:39 - [TEST_STEP][PASSED] - sendKeys(findTestObject("Object Repository/LoginPage_WebElements/password"), Password): Keys 'Testing123' sent to object: 'Object Repository/LoginPage_WebElements/password'

2019-05-07 13:05:39 - [MESSAGE][PASSED] - Keys 'Testing123' sent to object: 'Object Repository/LoginPage_WebElements/password'

2019-05-07 13:05:39 - [TEST_STEP][PASSED] - waitForElementClickable(findTestObject("Object Repository/LoginPage_WebElements/Login"), 10): Object 'Object Repository/LoginPage_WebElements/Login' is clickable

2019-05-07 13:05:40 - [MESSAGE][PASSED] - Object 'Object Repository/LoginPage_WebElements/Login' is clickable

2019-05-07 13:05:40 - [TEST_STEP][PASSED] - click(findTestObject("Object Repository/LoginPage_WebElements/Login")): Object: 'Object Repository/LoginPage_WebElements/Login' is clicked on

2019-05-07 13:05:41 - [MESSAGE][PASSED] - Object: 'Object Repository/LoginPage_WebElements/Login' is clicked on

2019-05-07 13:05:41 - [TEST_STEP][PASSED] - println("User logged in salesforce application successfully"): null

2019-05-07 13:05:41 - [TEST_STEP][PASSED] - println("Creating the Lead "): null

2019-05-07 13:05:41 - [TEST_STEP][PASSED] - Thread.sleep(5000): null

2019-05-07 13:05:46 - [TEST_STEP][PASSED] - waitForElementClickable(findTestObject("Object Repository/LeadPage_WebElements/Leads_HomeButton"), 50): Object 'Object Repository/LeadPage_WebElements/Leads_HomeButton' is clickable

2019-05-07 13:06:01 - [MESSAGE][PASSED] - Object 'Object Repository/LeadPage_WebElements/Leads_HomeButton' is clickable

2019-05-07 13:06:01 - [TEST_STEP][PASSED] - click(findTestObject("Object Repository/LeadPage_WebElements/Leads_HomeButton")): Object: 'Object Repository/LeadPage_WebElements/Leads_HomeButton' is clicked on

2019-05-07 13:06:01 - [MESSAGE][PASSED] - Object: 'Object Repository/LeadPage_WebElements/Leads_HomeButton' is clicked on

2019-05-07 13:06:01 - [TEST_STEP][PASSED] - waitForElementPresent(findTestObject("Object Repository/LeadPage_WebElements/Lead_New Button"), 20): Object 'Object Repository/LeadPage_WebElements/Lead_New Button' is present

2019-05-07 13:06:03 - [MESSAGE][PASSED] - Object 'Object Repository/LeadPage_WebElements/Lead_New Button' is present

2019-05-07 13:06:03 - [TEST_STEP][PASSED] - click(findTestObject("Object Repository/LeadPage_WebElements/Lead_New Button")): Object: 'Object Repository/LeadPage_WebElements/Lead_New Button' is clicked on

2019-05-07 13:06:03 - [MESSAGE][PASSED] - Object: 'Object Repository/LeadPage_WebElements/Lead_New Button' is clicked on

2019-05-07 13:06:03 - [TEST_STEP][PASSED] - waitForElementClickable(findTestObject("Object Repository/LeadPage_WebElements/Salutation"), 20): Object 'Object Repository/LeadPage_WebElements/Salutation' is clickable

2019-05-07 13:06:05 - [MESSAGE][PASSED] - Object 'Object Repository/LeadPage_WebElements/Salutation' is clickable

2019-05-07 13:06:05 - [TEST_STEP][PASSED] - click(findTestObject("Object Repository/LeadPage_WebElements/Salutation")): Object: 'Object Repository/LeadPage_WebElements/Salutation' is clicked on

2019-05-07 13:06:06 - [MESSAGE][PASSED] - Object: 'Object Repository/LeadPage_WebElements/Salutation' is clicked on

2019-05-07 13:06:06 - [TEST_STEP][PASSED] - delay(2): Delayed 2 second(s)

2019-05-07 13:06:08 - [MESSAGE][PASSED] - Delayed 2 second(s)

2019-05-07 13:06:08 - [TEST_STEP][PASSED] - waitForElementPresent(findTestObject("Object Repository/LeadPage_WebElements/Salutation_Selection"), 20): Object 'Object Repository/LeadPage_WebElements/Salutation_Selection' is present

2019-05-07 13:06:09 - [MESSAGE][PASSED] - Object 'Object Repository/LeadPage_WebElements/Salutation_Selection' is present

2019-05-07 13:06:09 - [TEST_STEP][PASSED] - click(findTestObject("Object Repository/LeadPage_WebElements/Salutation_Selection")): Object: 'Object Repository/LeadPage_WebElements/Salutation_Selection' is clicked on

2019-05-07 13:06:09 - [MESSAGE][PASSED] - Object: 'Object Repository/LeadPage_WebElements/Salutation_Selection' is clicked on

2019-05-07 13:06:09 - [TEST_STEP][PASSED] - delay(1): Delayed 1 second(s)

2019-05-07 13:06:10 - [MESSAGE][PASSED] - Delayed 1 second(s)

2019-05-07 13:06:10 - [TEST_STEP][PASSED] - waitForElementClickable(findTestObject("Object Repository/LeadPage_WebElements/FirstName"), 5): Object 'Object Repository/LeadPage_WebElements/FirstName' is clickable

2019-05-07 13:06:10 - [MESSAGE][PASSED] - Object 'Object Repository/LeadPage_WebElements/FirstName' is clickable

2019-05-07 13:06:10 - [TEST_STEP][PASSED] - sendKeys(findTestObject("LeadPage_WebElements/FirstName"), findTestData("Project_TestDataSheet/TestData").getValue(2, 1)): Keys 'Mr' sent to object: 'Object Repository/LeadPage_WebElements/FirstName'

2019-05-07 13:06:10 - [MESSAGE][PASSED] - Keys 'Mr' sent to object: 'Object Repository/LeadPage_WebElements/FirstName'

2019-05-07 13:06:10 - [TEST_STEP][PASSED] - sendKeys(findTestObject("Object Repository/LeadPage_WebElements/LastName"), findTestData("Project_TestDataSheet/TestData").getValue(3, 1)): Keys 'Strange' sent to object: 'Object Repository/LeadPage_WebElements/LastName'

2019-05-07 13:06:11 - [MESSAGE][PASSED] - Keys 'Strange' sent to object: 'Object Repository/LeadPage_WebElements/LastName'

2019-05-07 13:06:11 - [TEST_STEP][PASSED] - scrollToElement(findTestObject("Object Repository/LeadPage_WebElements/Company"), 10): Scroll to object 'Object Repository/LeadPage_WebElements/Company' successfully

2019-05-07 13:06:11 - [MESSAGE][PASSED] - Scroll to object 'Object Repository/LeadPage_WebElements/Company' successfully

2019-05-07 13:06:11 - [TEST_STEP][PASSED] - sendKeys(findTestObject("Object Repository/LeadPage_WebElements/Company"), findTestData("Project_TestDataSheet/TestData").getValue(4, 1)): Keys 'QualiTest Groups' sent to object: 'Object Repository/LeadPage_WebElements/Company'

2019-05-07 13:06:11 - [MESSAGE][PASSED] - Keys 'QualiTest Groups' sent to object: 'Object Repository/LeadPage_WebElements/Company'

2019-05-07 13:06:11 - [TEST_STEP][PASSED] - sendKeys(findTestObject("Object Repository/LeadPage_WebElements/Email"), findTestData("Project_TestDataSheet/TestData").getValue(5, 1)): Keys 'Mr.strange@ualitestgroup.com' sent to object: 'Object Repository/LeadPage_WebElements/Email'

2019-05-07 13:06:11 - [MESSAGE][PASSED] - Keys 'Mr.strange@ualitestgroup.com' sent to object: 'Object Repository/LeadPage_WebElements/Email'

2019-05-07 13:06:11 - [TEST_STEP][PASSED] - delay(2): Delayed 2 second(s)

2019-05-07 13:06:13 - [MESSAGE][PASSED] - Delayed 2 second(s)

2019-05-07 13:06:13 - [TEST_STEP][PASSED] - delay(1): Delayed 1 second(s)

2019-05-07 13:06:14 - [MESSAGE][PASSED] - Delayed 1 second(s)

2019-05-07 13:06:14 - [TEST_STEP][PASSED] - click(findTestObject("Object Repository/LeadPage_WebElements/Save")): Object: 'Object Repository/LeadPage_WebElements/Save' is clicked on

2019-05-07 13:06:14 - [MESSAGE][PASSED] - Object: 'Object Repository/LeadPage_WebElements/Save' is clicked on]]></system-out>
         <system-err><![CDATA[]]></system-err>
      </testcase>
      <system-out><![CDATA[2019-05-07 13:05:29 - [TEST_SUITE][PASSED] - Demo: Test Cases/Project_Regression_Sprint2_Release1.O/Verify user can able to create a lead and convert to opportunity]]></system-out>
      <system-err><![CDATA[]]></system-err>
   </testsuite>
</testsuites>
